rails new webpacker_example --database=postgresql --skip-action-cable --skip-coffee -skip-turbolinks --webpack
      create  
      create  README.md
      create  Rakefile
      create  config.ru
      create  .gitignore
      create  Gemfile
         run  git init from "."
Initialized empty Git repository in /home/vzl/work/ror/strongqa/webpacker_example/.git/
      create  app
      create  app/assets/config/manifest.js
      create  app/assets/javascripts/application.js
      create  app/assets/javascripts/cable.js
      create  app/assets/stylesheets/application.css
      create  app/channels/application_cable/channel.rb
      create  app/channels/application_cable/connection.rb
      create  app/controllers/application_controller.rb
      create  app/helpers/application_helper.rb
      create  app/jobs/application_job.rb
      create  app/mailers/application_mailer.rb
      create  app/models/application_record.rb
      create  app/views/layouts/application.html.erb
      create  app/views/layouts/mailer.html.erb
      create  app/views/layouts/mailer.text.erb
      create  app/assets/images/.keep
      create  app/controllers/concerns/.keep
      create  app/models/concerns/.keep
      create  bin
      create  bin/bundle
      create  bin/rails
      create  bin/rake
      create  bin/setup
      create  bin/update
      create  bin/yarn
      create  config
      create  config/routes.rb
      create  config/application.rb
      create  config/environment.rb
      create  config/secrets.yml
      create  config/puma.rb
      create  config/spring.rb
      create  config/environments
      create  config/environments/development.rb
      create  config/environments/production.rb
      create  config/environments/test.rb
      create  config/initializers
      create  config/initializers/application_controller_renderer.rb
      create  config/initializers/assets.rb
      create  config/initializers/backtrace_silencers.rb
      create  config/initializers/cookies_serializer.rb
      create  config/initializers/cors.rb
      create  config/initializers/filter_parameter_logging.rb
      create  config/initializers/inflections.rb
      create  config/initializers/mime_types.rb
      create  config/initializers/new_framework_defaults_5_1.rb
      create  config/initializers/wrap_parameters.rb
      create  config/locales
      create  config/locales/en.yml
      create  config/boot.rb
      create  config/database.yml
      create  db
      create  db/seeds.rb
      create  lib
      create  lib/tasks
      create  lib/tasks/.keep
      create  lib/assets
      create  lib/assets/.keep
      create  log
      create  log/.keep
      create  public
      create  public/404.html
      create  public/422.html
      create  public/500.html
      create  public/apple-touch-icon-precomposed.png
      create  public/apple-touch-icon.png
      create  public/favicon.ico
      create  public/robots.txt
      create  test/fixtures
      create  test/fixtures/.keep
      create  test/fixtures/files
      create  test/fixtures/files/.keep
      create  test/controllers
      create  test/controllers/.keep
      create  test/mailers
      create  test/mailers/.keep
      create  test/models
      create  test/models/.keep
      create  test/helpers
      create  test/helpers/.keep
      create  test/integration
      create  test/integration/.keep
      create  test/test_helper.rb
      create  test/system
      create  test/system/.keep
      create  test/application_system_test_case.rb
      create  tmp
      create  tmp/.keep
      create  tmp/cache
      create  tmp/cache/assets
      create  vendor
      create  vendor/.keep
      create  package.json
      remove  config/cable.yml
      remove  app/assets/javascripts/cable.js
      remove  app/channels
      remove  config/initializers/cors.rb
      remove  config/initializers/new_framework_defaults_5_1.rb
         run  bundle install
The dependency tzinfo-data (>= 0) will be unused by any of the platforms Bundler is installing for. Bundler is installing for ruby but the dependency is only for x86-mingw32, x86-mswin32, x64-mingw32, java. To add those platforms to the bundle, run `bundle lock --add-platform x86-mingw32 x86-mswin32 x64-mingw32 java`.
Fetching gem metadata from https://rubygems.org/.........
Fetching gem metadata from https://rubygems.org/.
Resolving dependencies......
Using rake 12.3.1
Using concurrent-ruby 1.0.5
Using i18n 1.1.0
Using minitest 5.11.3
Using thread_safe 0.3.6
Using tzinfo 1.2.5
Using activesupport 5.1.6
Using builder 3.2.3
Using erubi 1.7.1
Using mini_portile2 2.3.0
Fetching nokogiri 1.8.4
Installing nokogiri 1.8.4 with native extensions
Using rails-dom-testing 2.0.3
Using crass 1.0.4
Using loofah 2.2.2
Using rails-html-sanitizer 1.0.4
Using actionview 5.1.6
Using rack 2.0.5
Fetching rack-test 1.1.0
Installing rack-test 1.1.0
Using actionpack 5.1.6
Using nio4r 2.3.1
Using websocket-extensions 0.1.3
Using websocket-driver 0.6.5
Using actioncable 5.1.6
Using globalid 0.4.1
Using activejob 5.1.6
Fetching mini_mime 1.0.1
Installing mini_mime 1.0.1
Using mail 2.7.0
Using actionmailer 5.1.6
Using activemodel 5.1.6
Using arel 8.0.0
Using activerecord 5.1.6
Fetching public_suffix 3.0.3
Installing public_suffix 3.0.3
Using addressable 2.5.2
Using bindex 0.5.0
Using bundler 1.16.2
Fetching byebug 10.0.2
Installing byebug 10.0.2 with native extensions
Fetching xpath 3.1.0
Installing xpath 3.1.0
Fetching capybara 2.18.0
Installing capybara 2.18.0
Using ffi 1.9.25
Fetching childprocess 0.9.0
Installing childprocess 0.9.0
Using execjs 2.7.0
Using multi_json 1.13.1
Using jbuilder 2.7.0
Using rb-fsevent 0.10.3
Using rb-inotify 0.9.10
Using ruby_dep 1.5.0
Using listen 3.1.5
Using method_source 0.9.0
Using pg 1.0.0
Fetching puma 3.12.0
Installing puma 3.12.0 with native extensions
Using rack-proxy 0.6.4
Using thor 0.20.0
Using railties 5.1.6
Fetching sprockets 3.7.2
Installing sprockets 3.7.2
Using sprockets-rails 3.2.1
Using rails 5.1.6
Fetching rubyzip 1.2.1
Installing rubyzip 1.2.1
Using sass-listen 4.0.0
Fetching sass 3.5.7
Installing sass 3.5.7
Using tilt 2.0.8
Using sass-rails 5.0.7
Fetching selenium-webdriver 3.14.0
Installing selenium-webdriver 3.14.0
Using spring 2.0.2
Using spring-watcher-listen 2.0.1
Fetching turbolinks-source 5.2.0
Installing turbolinks-source 5.2.0
Fetching turbolinks 5.2.0
Installing turbolinks 5.2.0
Fetching uglifier 4.1.18
Installing uglifier 4.1.18
Using web-console 3.6.2
Using webpacker 3.5.5
Bundle complete! 16 Gemfile dependencies, 69 gems now installed.
Use `bundle info [gemname]` to see where a bundled gem is installed.
Post-install message from sass:

Ruby Sass is deprecated and will be unmaintained as of 26 March 2019.

* If you use Sass as a command-line tool, we recommend using Dart Sass, the new
  primary implementation: https://sass-lang.com/install

* If you use Sass as a plug-in for a Ruby web framework, we recommend using the
  sassc gem: https://github.com/sass/sassc-ruby#readme

* For more details, please refer to the Sass blog:
  http://sass.logdown.com/posts/7081811

       rails  webpacker:install
RAILS_ENV=development environment is not defined in config/webpacker.yml, falling back to production environment
      create  config/webpacker.yml
Copying webpack core config
      create  config/webpack
      create  config/webpack/development.js
      create  config/webpack/environment.js
      create  config/webpack/production.js
      create  config/webpack/test.js
Copying .postcssrc.yml to app root directory
      create  .postcssrc.yml
Copying .babelrc to app root directory
      create  .babelrc
Creating JavaScript app source directory
      create  app/javascript
      create  app/javascript/packs/application.js
       apply  /home/vzl/.rvm/gems/ruby-2.5.1@muuchit-core/gems/webpacker-3.5.5/lib/install/binstubs.rb
  Copying binstubs
       exist    bin
      create    bin/webpack
      create    bin/webpack-dev-server
Adding configurations
      append  .gitignore
Installing all JavaScript dependencies
         run  yarn add @rails/webpacker@3.5 --tilde from "."
yarn add v1.2.1
warning You are using Node "7.0.0" which is not supported and may encounter bugs or unexpected behavior. Yarn supports the following semver range: "^4.8.0 || ^5.7.0 || ^6.2.2 || ^8.0.0"
info No lockfile found.
[1/4] Resolving packages...
warning @rails/webpacker > postcss-cssnext@3.1.0: 'postcss-cssnext' has been deprecated in favor of 'postcss-preset-env'. Read more at https://moox.io/blog/deprecating-cssnext/
warning @rails/webpacker > postcss-cssnext > autoprefixer > browserslist@2.11.3: Browserslist 2 could fail on reading Browserslist >3.0 config used in other tools.
warning @rails/webpacker > css-loader > cssnano > autoprefixer > browserslist@1.7.7: Browserslist 2 could fail on reading Browserslist >3.0 config used in other tools.
warning @rails/webpacker > postcss-cssnext > pixrem > browserslist@2.11.3: Browserslist 2 could fail on reading Browserslist >3.0 config used in other tools.
warning @rails/webpacker > css-loader > cssnano > postcss-merge-rules > browserslist@1.7.7: Browserslist 2 could fail on reading Browserslist >3.0 config used in other tools.
warning @rails/webpacker > css-loader > cssnano > postcss-merge-rules > caniuse-api > browserslist@1.7.7: Browserslist 2 could fail on reading Browserslist >3.0 config used in other tools.
[2/4] Fetching packages...
info fsevents@1.2.4: The platform "linux" is incompatible with this module.
info "fsevents@1.2.4" is an optional dependency and failed compatibility check. Excluding it from installation.
[3/4] Linking dependencies...
warning "postcss-cssnext@3.1.0" has unmet peer dependency "caniuse-lite@^1.0.30000697".
[4/4] Building fresh packages...
success Saved lockfile.
warning Your current version of Yarn is out of date. The latest version is "1.9.4" while you're on "1.2.1".
info To upgrade, run the following command:
$ curl -o- -L https://yarnpkg.com/install.sh | bash
success Saved 656 new dependencies.
較럭 @rails/webpacker@3.5.5
較럭 abbrev@1.1.1
較럭 acorn-dynamic-import@2.0.2
較럭 acorn@5.7.1
較럭 ajv@5.5.2
較럭 align-text@0.1.4
較럭 alphanum-sort@1.0.2
較럭 amdefine@1.0.1
較럭 ansi-regex@2.1.1
較럭 ansi-styles@2.2.1
較럭 anymatch@2.0.0
較럭 aproba@1.2.0
較럭 are-we-there-yet@1.1.5
較럭 argparse@1.0.10
較럭 arr-diff@4.0.0
較럭 arr-flatten@1.1.0
較럭 arr-union@3.1.0
較럭 array-find-index@1.0.2
較럭 array-unique@0.3.2
較럭 asn1.js@4.10.1
較럭 asn1@0.2.4
較럭 assert-plus@1.0.0
較럭 assert@1.4.1
較럭 assign-symbols@1.0.0
較럭 async-each@1.0.1
較럭 async-foreach@0.1.3
較럭 async@2.6.1
較럭 asynckit@0.4.0
較럭 atob@2.1.2
較럭 autoprefixer@7.2.6
較럭 aws-sign2@0.7.0
較럭 aws4@1.8.0
較럭 babel-code-frame@6.26.0
較럭 babel-core@6.26.3
較럭 babel-generator@6.26.1
較럭 babel-helper-builder-binary-assignment-operator-visitor@6.24.1
較럭 babel-helper-call-delegate@6.24.1
較럭 babel-helper-define-map@6.26.0
較럭 babel-helper-explode-assignable-expression@6.24.1
較럭 babel-helper-function-name@6.24.1
較럭 babel-helper-get-function-arity@6.24.1
較럭 babel-helper-hoist-variables@6.24.1
較럭 babel-helper-optimise-call-expression@6.24.1
較럭 babel-helper-regex@6.26.0
較럭 babel-helper-remap-async-to-generator@6.24.1
較럭 babel-helper-replace-supers@6.24.1
較럭 babel-helpers@6.24.1
較럭 babel-loader@7.1.5
較럭 babel-messages@6.23.0
較럭 babel-plugin-check-es2015-constants@6.22.0
較럭 babel-plugin-syntax-async-functions@6.13.0
較럭 babel-plugin-syntax-class-properties@6.13.0
較럭 babel-plugin-syntax-dynamic-import@6.18.0
較럭 babel-plugin-syntax-exponentiation-operator@6.13.0
較럭 babel-plugin-syntax-object-rest-spread@6.13.0
較럭 babel-plugin-syntax-trailing-function-commas@6.22.0
較럭 babel-plugin-transform-async-to-generator@6.24.1
較럭 babel-plugin-transform-class-properties@6.24.1
較럭 babel-plugin-transform-es2015-arrow-functions@6.22.0
較럭 babel-plugin-transform-es2015-block-scoped-functions@6.22.0
較럭 babel-plugin-transform-es2015-block-scoping@6.26.0
較럭 babel-plugin-transform-es2015-classes@6.24.1
較럭 babel-plugin-transform-es2015-computed-properties@6.24.1
較럭 babel-plugin-transform-es2015-destructuring@6.23.0
較럭 babel-plugin-transform-es2015-duplicate-keys@6.24.1
較럭 babel-plugin-transform-es2015-for-of@6.23.0
較럭 babel-plugin-transform-es2015-function-name@6.24.1
較럭 babel-plugin-transform-es2015-literals@6.22.0
較럭 babel-plugin-transform-es2015-modules-amd@6.24.1
較럭 babel-plugin-transform-es2015-modules-commonjs@6.26.2
較럭 babel-plugin-transform-es2015-modules-systemjs@6.24.1
較럭 babel-plugin-transform-es2015-modules-umd@6.24.1
較럭 babel-plugin-transform-es2015-object-super@6.24.1
較럭 babel-plugin-transform-es2015-parameters@6.24.1
較럭 babel-plugin-transform-es2015-shorthand-properties@6.24.1
較럭 babel-plugin-transform-es2015-spread@6.22.0
較럭 babel-plugin-transform-es2015-sticky-regex@6.24.1
較럭 babel-plugin-transform-es2015-template-literals@6.22.0
較럭 babel-plugin-transform-es2015-typeof-symbol@6.23.0
較럭 babel-plugin-transform-es2015-unicode-regex@6.24.1
較럭 babel-plugin-transform-exponentiation-operator@6.24.1
較럭 babel-plugin-transform-object-rest-spread@6.26.0
較럭 babel-plugin-transform-regenerator@6.26.0
較럭 babel-plugin-transform-strict-mode@6.24.1
較럭 babel-polyfill@6.26.0
較럭 babel-preset-env@1.7.0
較럭 babel-register@6.26.0
較럭 babel-runtime@6.26.0
較럭 babel-template@6.26.0
較럭 babel-traverse@6.26.0
較럭 babel-types@6.26.0
較럭 babylon@6.18.0
較럭 balanced-match@0.4.2
較럭 base@0.11.2
較럭 base64-js@1.3.0
較럭 bcrypt-pbkdf@1.0.2
較럭 big.js@3.2.0
較럭 binary-extensions@1.11.0
較럭 block-stream@0.0.9
較럭 bluebird@3.5.1
較럭 bn.js@4.11.8
較럭 brace-expansion@1.1.11
較럭 braces@2.3.2
較럭 brorand@1.1.0
較럭 browserify-aes@1.2.0
較럭 browserify-cipher@1.0.1
較럭 browserify-des@1.0.2
較럭 browserify-rsa@4.0.1
較럭 browserify-sign@4.0.4
較럭 browserify-zlib@0.2.0
較럭 browserslist@1.7.7
較럭 buffer-from@1.1.1
較럭 buffer-xor@1.0.3
較럭 buffer@4.9.1
較럭 builtin-modules@1.1.1
較럭 builtin-status-codes@3.0.0
較럭 cacache@10.0.4
較럭 cache-base@1.0.1
較럭 camelcase-keys@2.1.0
較럭 camelcase@3.0.0
較럭 caniuse-api@2.0.0
較럭 caniuse-db@1.0.30000877
較럭 caniuse-lite@1.0.30000877
較럭 case-sensitive-paths-webpack-plugin@2.1.2
較럭 caseless@0.12.0
較럭 center-align@0.1.3
較럭 chalk@1.1.3
較럭 chokidar@2.0.4
較럭 chownr@1.0.1
較럭 cipher-base@1.0.4
較럭 clap@1.2.3
較럭 class-utils@0.3.6
較럭 cliui@3.2.0
較럭 clone-deep@2.0.2
較럭 clone@1.0.4
較럭 co@4.6.0
較럭 coa@1.0.4
較럭 code-point-at@1.1.0
較럭 collection-visit@1.0.0
較럭 color-convert@1.9.2
較럭 color-name@1.1.3
較럭 color-string@1.5.3
較럭 color@0.11.4
較럭 colormin@1.1.2
較럭 colors@1.1.2
較럭 combined-stream@1.0.6
較럭 commander@2.14.1
較럭 commondir@1.0.1
較럭 component-emitter@1.2.1
較럭 compression-webpack-plugin@1.1.11
較럭 concat-map@0.0.1
較럭 concat-stream@1.6.2
較럭 console-browserify@1.1.0
較럭 console-control-strings@1.1.0
較럭 constants-browserify@1.0.0
較럭 convert-source-map@1.5.1
較럭 copy-concurrently@1.0.5
較럭 copy-descriptor@0.1.1
較럭 core-js@2.5.7
較럭 core-util-is@1.0.2
較럭 cosmiconfig@4.0.0
較럭 create-ecdh@4.0.3
較럭 create-hash@1.2.0
較럭 create-hmac@1.1.7
較럭 cross-spawn@3.0.1
較럭 crypto-browserify@3.12.0
較럭 css-color-function@1.3.3
較럭 css-color-names@0.0.4
較럭 css-loader@0.28.11
較럭 css-selector-tokenizer@0.7.0
較럭 css-unit-converter@1.1.1
較럭 cssesc@0.1.0
較럭 cssnano@3.10.0
較럭 csso@2.3.2
較럭 currently-unhandled@0.4.1
較럭 cyclist@0.2.2
較럭 d@1.0.0
較럭 dashdash@1.14.1
較럭 date-now@0.1.4
較럭 debug@2.6.9
較럭 decamelize@1.2.0
較럭 decode-uri-component@0.2.0
較럭 define-property@0.2.5
較럭 defined@1.0.0
較럭 delayed-stream@1.0.0
較럭 delegates@1.0.0
較럭 des.js@1.0.0
較럭 detect-indent@4.0.0
較럭 diffie-hellman@5.0.3
較럭 domain-browser@1.2.0
較럭 duplexify@3.6.0
較럭 ecc-jsbn@0.1.2
較럭 electron-to-chromium@1.3.58
較럭 elliptic@6.4.1
較럭 emojis-list@2.1.0
較럭 end-of-stream@1.4.1
較럭 enhanced-resolve@3.4.1
較럭 errno@0.1.7
較럭 error-ex@1.3.2
較럭 es5-ext@0.10.46
較럭 es6-iterator@2.0.3
較럭 es6-map@0.1.5
較럭 es6-set@0.1.5
較럭 es6-symbol@3.1.1
較럭 es6-weak-map@2.0.2
較럭 escape-string-regexp@1.0.5
較럭 escope@3.6.0
較럭 esprima@4.0.1
較럭 esrecurse@4.2.1
較럭 estraverse@4.2.0
較럭 esutils@2.0.2
較럭 event-emitter@0.3.5
較럭 events@1.1.1
較럭 evp_bytestokey@1.0.3
較럭 execa@0.7.0
較럭 expand-brackets@2.1.4
較럭 extend-shallow@2.0.1
較럭 extend@3.0.2
較럭 extglob@2.0.4
較럭 extract-text-webpack-plugin@3.0.2
較럭 extsprintf@1.3.0
較럭 fast-deep-equal@1.1.0
較럭 fast-json-stable-stringify@2.0.0
較럭 fastparse@1.1.1
較럭 file-loader@1.1.11
較럭 fill-range@4.0.0
較럭 find-cache-dir@1.0.0
較럭 find-up@2.1.0
較럭 flatten@1.0.2
較럭 flush-write-stream@1.0.3
較럭 for-in@1.0.2
較럭 for-own@1.0.0
較럭 forever-agent@0.6.1
較럭 form-data@2.3.2
較럭 fragment-cache@0.2.1
較럭 from2@2.3.0
較럭 fs-extra@0.30.0
較럭 fs-write-stream-atomic@1.0.10
較럭 fs.realpath@1.0.0
較럭 fstream@1.0.11
較럭 function-bind@1.1.1
較럭 gauge@2.7.4
較럭 gaze@1.1.3
較럭 get-caller-file@1.0.3
較럭 get-stdin@4.0.1
較럭 get-stream@3.0.0
較럭 get-value@2.0.6
較럭 getpass@0.1.7
較럭 glob-parent@3.1.0
較럭 glob@7.1.2
較럭 globals@9.18.0
較럭 globule@1.2.1
較럭 graceful-fs@4.1.11
較럭 har-schema@2.0.0
較럭 har-validator@5.0.3
較럭 has-ansi@2.0.0
較럭 has-flag@3.0.0
較럭 has-unicode@2.0.1
較럭 has-value@1.0.0
較럭 has-values@1.0.0
較럭 has@1.0.3
較럭 hash-base@3.0.4
較럭 hash.js@1.1.5
較럭 hmac-drbg@1.0.1
較럭 home-or-tmp@2.0.0
較럭 hosted-git-info@2.7.1
較럭 html-comment-regex@1.1.1
較럭 http-signature@1.2.0
較럭 https-browserify@1.0.0
較럭 icss-replace-symbols@1.1.0
較럭 icss-utils@2.1.0
較럭 ieee754@1.1.12
較럭 iferr@0.1.5
較럭 import-cwd@2.1.0
較럭 import-from@2.1.0
較럭 imurmurhash@0.1.4
較럭 in-publish@2.0.0
較럭 indent-string@2.1.0
較럭 indexes-of@1.0.1
較럭 indexof@0.0.1
較럭 inflight@1.0.6
較럭 inherits@2.0.3
較럭 interpret@1.1.0
較럭 invariant@2.2.4
較럭 invert-kv@1.0.0
較럭 is-absolute-url@2.1.0
較럭 is-accessor-descriptor@1.0.0
較럭 is-arrayish@0.2.1
較럭 is-binary-path@1.0.1
較럭 is-buffer@1.1.6
較럭 is-builtin-module@1.0.0
較럭 is-data-descriptor@1.0.0
較럭 is-descriptor@1.0.2
較럭 is-directory@0.3.1
較럭 is-extendable@0.1.1
較럭 is-extglob@2.1.1
較럭 is-finite@1.0.2
較럭 is-fullwidth-code-point@1.0.0
較럭 is-glob@4.0.0
較럭 is-number@3.0.0
較럭 is-plain-obj@1.1.0
較럭 is-plain-object@2.0.4
較럭 is-stream@1.1.0
較럭 is-svg@2.1.0
較럭 is-typedarray@1.0.0
較럭 is-utf8@0.2.1
較럭 is-windows@1.0.2
較럭 isarray@1.0.0
較럭 isexe@2.0.0
較럭 isnumeric@0.2.0
較럭 isobject@3.0.1
較럭 isstream@0.1.2
較럭 js-base64@2.4.8
較럭 js-tokens@3.0.2
較럭 js-yaml@3.12.0
較럭 jsbn@0.1.1
較럭 jsesc@1.3.0
較럭 json-loader@0.5.7
較럭 json-parse-better-errors@1.0.2
較럭 json-schema-traverse@0.3.1
較럭 json-schema@0.2.3
較럭 json-stringify-safe@5.0.1
較럭 json5@0.5.1
較럭 jsonfile@2.4.0
較럭 jsprim@1.4.1
較럭 kind-of@3.2.2
較럭 klaw@1.3.1
較럭 last-call-webpack-plugin@2.1.2
較럭 lazy-cache@1.0.4
較럭 lcid@1.0.0
較럭 load-json-file@1.1.0
較럭 loader-runner@2.3.0
較럭 loader-utils@1.1.0
較럭 locate-path@2.0.0
較럭 lodash._reinterpolate@3.0.0
較럭 lodash.assign@4.2.0
較럭 lodash.camelcase@4.3.0
較럭 lodash.clonedeep@4.5.0
較럭 lodash.debounce@4.0.8
較럭 lodash.memoize@4.1.2
較럭 lodash.mergewith@4.6.1
較럭 lodash.tail@4.1.1
較럭 lodash.template@4.4.0
較럭 lodash.templatesettings@4.1.0
較럭 lodash.uniq@4.5.0
較럭 lodash@4.17.10
較럭 longest@1.0.1
較럭 loose-envify@1.4.0
較럭 loud-rejection@1.6.0
較럭 lru-cache@4.1.3
較럭 make-dir@1.3.0
較럭 map-cache@0.2.2
較럭 map-obj@1.0.1
較럭 map-visit@1.0.0
較럭 math-expression-evaluator@1.2.17
較럭 md5.js@1.3.4
較럭 mem@1.1.0
較럭 memory-fs@0.4.1
較럭 meow@3.7.0
較럭 micromatch@3.1.10
較럭 miller-rabin@4.0.1
較럭 mime-db@1.35.0
較럭 mime-types@2.1.19
較럭 mimic-fn@1.2.0
較럭 minimalistic-assert@1.0.1
較럭 minimalistic-crypto-utils@1.0.1
較럭 minimatch@3.0.4
較럭 minimist@1.2.0
較럭 mississippi@2.0.0
較럭 mixin-deep@1.3.1
較럭 mixin-object@2.0.1
較럭 mkdirp@0.5.1
較럭 move-concurrently@1.0.1
較럭 ms@2.0.0
較럭 nan@2.10.0
較럭 nanomatch@1.2.13
較럭 neo-async@2.5.2
較럭 next-tick@1.0.0
較럭 node-gyp@3.8.0
較럭 node-libs-browser@2.1.0
較럭 node-sass@4.9.3
較럭 nopt@3.0.6
較럭 normalize-package-data@2.4.0
較럭 normalize-path@2.1.1
較럭 normalize-range@0.1.2
較럭 normalize-url@1.9.1
較럭 npm-run-path@2.0.2
較럭 npmlog@4.1.2
較럭 num2fraction@1.2.2
較럭 number-is-nan@1.0.1
較럭 oauth-sign@0.8.2
較럭 object-assign@4.1.1
較럭 object-copy@0.1.0
較럭 object-visit@1.0.1
較럭 object.pick@1.3.0
較럭 once@1.4.0
較럭 onecolor@3.0.5
較럭 optimize-css-assets-webpack-plugin@3.2.0
較럭 os-browserify@0.3.0
較럭 os-homedir@1.0.2
較럭 os-locale@2.1.0
較럭 os-tmpdir@1.0.2
較럭 osenv@0.1.5
較럭 p-finally@1.0.0
較럭 p-limit@1.3.0
較럭 p-locate@2.0.0
較럭 p-try@1.0.0
較럭 pako@1.0.6
較럭 parallel-transform@1.1.0
較럭 parse-asn1@5.1.1
較럭 parse-json@2.2.0
較럭 pascalcase@0.1.1
較럭 path-browserify@0.0.0
較럭 path-complete-extname@1.0.0
較럭 path-dirname@1.0.2
較럭 path-exists@2.1.0
較럭 path-is-absolute@1.0.1
較럭 path-key@2.0.1
較럭 path-parse@1.0.6
較럭 path-type@1.1.0
較럭 pbkdf2@3.0.16
較럭 performance-now@2.1.0
較럭 pify@2.3.0
較럭 pinkie-promise@2.0.1
較럭 pinkie@2.0.4
較럭 pixrem@4.0.1
較럭 pkg-dir@2.0.0
較럭 pleeease-filters@4.0.0
較럭 posix-character-classes@0.1.1
較럭 postcss-apply@0.8.0
較럭 postcss-attribute-case-insensitive@2.0.0
較럭 postcss-calc@6.0.1
較럭 postcss-color-function@4.0.1
較럭 postcss-color-gray@4.1.0
較럭 postcss-color-hex-alpha@3.0.0
較럭 postcss-color-hsl@2.0.0
較럭 postcss-color-hwb@3.0.0
較럭 postcss-color-rebeccapurple@3.1.0
較럭 postcss-color-rgb@2.0.0
較럭 postcss-color-rgba-fallback@3.0.0
較럭 postcss-colormin@2.2.2
較럭 postcss-convert-values@2.6.1
較럭 postcss-cssnext@3.1.0
較럭 postcss-custom-media@6.0.0
較럭 postcss-custom-properties@6.3.1
較럭 postcss-custom-selectors@4.0.1
較럭 postcss-discard-comments@2.0.4
較럭 postcss-discard-duplicates@2.1.0
較럭 postcss-discard-empty@2.1.0
較럭 postcss-discard-overridden@0.1.1
較럭 postcss-discard-unused@2.2.3
較럭 postcss-filter-plugins@2.0.3
較럭 postcss-font-family-system-ui@3.0.0
較럭 postcss-font-variant@3.0.0
較럭 postcss-image-set-polyfill@0.3.5
較럭 postcss-import@11.1.0
較럭 postcss-initial@2.0.0
較럭 postcss-load-config@2.0.0
較럭 postcss-loader@2.1.6
較럭 postcss-media-minmax@3.0.0
較럭 postcss-media-query-parser@0.2.3
較럭 postcss-merge-idents@2.1.7
較럭 postcss-merge-longhand@2.0.2
較럭 postcss-merge-rules@2.1.2
較럭 postcss-message-helpers@2.0.0
較럭 postcss-minify-font-values@1.0.5
較럭 postcss-minify-gradients@1.0.5
較럭 postcss-minify-params@1.2.2
較럭 postcss-minify-selectors@2.1.1
較럭 postcss-modules-extract-imports@1.2.0
較럭 postcss-modules-local-by-default@1.2.0
較럭 postcss-modules-scope@1.1.0
較럭 postcss-modules-values@1.3.0
較럭 postcss-nesting@4.2.1
較럭 postcss-normalize-charset@1.1.1
較럭 postcss-normalize-url@3.0.8
較럭 postcss-ordered-values@2.2.3
較럭 postcss-pseudo-class-any-link@4.0.0
較럭 postcss-pseudoelements@5.0.0
較럭 postcss-reduce-idents@2.4.0
較럭 postcss-reduce-initial@1.0.1
較럭 postcss-reduce-transforms@1.0.4
較럭 postcss-replace-overflow-wrap@2.0.0
較럭 postcss-selector-matches@3.0.1
較럭 postcss-selector-not@3.0.1
較럭 postcss-selector-parser@2.2.3
較럭 postcss-svgo@2.1.6
較럭 postcss-unique-selectors@2.0.2
較럭 postcss-value-parser@3.3.0
較럭 postcss-values-parser@1.5.0
較럭 postcss-zindex@2.2.0
較럭 postcss@6.0.23
較럭 prepend-http@1.0.4
較럭 private@0.1.8
較럭 process-nextick-args@2.0.0
較럭 process@0.11.10
較럭 promise-inflight@1.0.1
較럭 prr@1.0.1
較럭 pseudomap@1.0.2
較럭 psl@1.1.29
較럭 public-encrypt@4.0.2
較럭 pump@2.0.1
較럭 pumpify@1.5.1
較럭 punycode@1.4.1
較럭 q@1.5.1
較럭 qs@6.5.2
較럭 query-string@4.3.4
較럭 querystring-es3@0.2.1
較럭 querystring@0.2.0
較럭 randombytes@2.0.6
較럭 randomfill@1.0.4
較럭 read-cache@1.0.0
較럭 read-pkg-up@1.0.1
較럭 read-pkg@1.1.0
較럭 readable-stream@2.3.6
較럭 readdirp@2.1.0
較럭 redent@1.0.0
較럭 reduce-css-calc@1.3.0
較럭 reduce-function-call@1.0.2
較럭 regenerate@1.4.0
較럭 regenerator-runtime@0.10.5
較럭 regenerator-transform@0.10.1
較럭 regex-not@1.0.2
較럭 regexpu-core@1.0.0
較럭 regjsgen@0.2.0
較럭 regjsparser@0.1.5
較럭 remove-trailing-separator@1.1.0
較럭 repeat-element@1.1.3
較럭 repeat-string@1.6.1
較럭 repeating@2.0.1
較럭 request@2.87.0
較럭 require-directory@2.1.1
較럭 require-from-string@2.0.2
較럭 require-main-filename@1.0.1
較럭 resolve-from@3.0.0
較럭 resolve-url@0.2.1
較럭 resolve@1.8.1
較럭 ret@0.1.15
較럭 rgb-hex@2.1.0
較럭 rgb@0.1.0
較럭 right-align@0.1.3
較럭 rimraf@2.6.2
較럭 ripemd160@2.0.2
較럭 run-queue@1.0.3
較럭 safe-buffer@5.1.2
較럭 safe-regex@1.1.0
較럭 safer-buffer@2.1.2
較럭 sass-graph@2.2.4
較럭 sass-loader@6.0.7
較럭 sax@1.2.4
較럭 schema-utils@0.4.7
較럭 scss-tokenizer@0.2.3
較럭 semver@5.5.1
較럭 serialize-javascript@1.5.0
較럭 set-blocking@2.0.0
較럭 set-immediate-shim@1.0.1
較럭 set-value@2.0.0
較럭 setimmediate@1.0.5
較럭 sha.js@2.4.11
較럭 shallow-clone@1.0.0
較럭 shebang-command@1.2.0
較럭 shebang-regex@1.0.0
較럭 signal-exit@3.0.2
較럭 simple-swizzle@0.2.2
較럭 slash@1.0.0
較럭 snapdragon-node@2.1.1
較럭 snapdragon-util@3.0.1
較럭 snapdragon@0.8.2
較럭 sort-keys@1.1.2
較럭 source-list-map@2.0.0
較럭 source-map-resolve@0.5.2
較럭 source-map-support@0.4.18
較럭 source-map-url@0.4.0
較럭 source-map@0.5.7
較럭 spdx-correct@3.0.0
較럭 spdx-exceptions@2.1.0
較럭 spdx-expression-parse@3.0.0
較럭 spdx-license-ids@3.0.0
較럭 split-string@3.1.0
較럭 sprintf-js@1.0.3
較럭 sshpk@1.14.2
較럭 ssri@5.3.0
較럭 static-extend@0.1.2
較럭 stdout-stream@1.4.0
較럭 stream-browserify@2.0.1
較럭 stream-each@1.2.3
較럭 stream-http@2.8.3
較럭 stream-shift@1.0.0
較럭 strict-uri-encode@1.1.0
較럭 string_decoder@1.1.1
較럭 string-width@1.0.2
較럭 strip-ansi@3.0.1
較럭 strip-bom@2.0.0
較럭 strip-eof@1.0.0
較럭 strip-indent@1.0.1
較럭 style-loader@0.21.0
較럭 supports-color@5.5.0
較럭 svgo@0.7.2
較럭 tapable@0.2.8
較럭 tar@2.2.1
較럭 through2@2.0.3
較럭 timers-browserify@2.0.10
較럭 to-arraybuffer@1.0.1
較럭 to-fast-properties@1.0.3
較럭 to-object-path@0.3.0
較럭 to-regex-range@2.1.1
較럭 to-regex@3.0.2
較럭 tough-cookie@2.3.4
較럭 trim-newlines@1.0.0
較럭 trim-right@1.0.1
較럭 true-case-path@1.0.2
較럭 tty-browserify@0.0.0
較럭 tunnel-agent@0.6.0
較럭 tweetnacl@0.14.5
較럭 typedarray@0.0.6
較럭 uglify-es@3.3.10
較럭 uglify-js@2.8.29
較럭 uglify-to-browserify@1.0.2
較럭 uglifyjs-webpack-plugin@1.3.0
較럭 union-value@1.0.0
較럭 uniq@1.0.1
較럭 uniqs@2.0.0
較럭 unique-filename@1.1.0
較럭 unique-slug@2.0.0
較럭 units-css@0.4.0
較럭 unset-value@1.0.0
較럭 upath@1.1.0
較럭 uri-js@4.2.2
較럭 urix@0.1.0
較럭 url@0.11.0
較럭 use@3.1.1
較럭 util-deprecate@1.0.2
較럭 util@0.10.4
較럭 uuid@3.3.2
較럭 validate-npm-package-license@3.0.4
較럭 vendors@1.0.2
較럭 verror@1.10.0
較럭 viewport-dimensions@0.2.0
較럭 vm-browserify@0.0.4
較럭 watchpack@1.6.0
較럭 webpack-manifest-plugin@1.3.2
較럭 webpack-sources@1.1.0
較럭 webpack@3.12.0
較럭 whet.extend@0.9.9
較럭 which-module@2.0.0
較럭 which@1.3.1
較럭 wide-align@1.1.3
較럭 window-size@0.1.0
較럭 wordwrap@0.0.2
較럭 worker-farm@1.6.0
較럭 wrap-ansi@2.1.0
較럭 wrappy@1.0.2
較럭 xtend@4.0.1
較럭 y18n@3.2.1
較럭 yargs-parser@7.0.0
較덕 yargs@8.0.2
Done in 37.59s.
Installing dev server for live reloading
         run  yarn add --dev webpack-dev-server@2.11.2 from "."
yarn add v1.2.1
warning You are using Node "7.0.0" which is not supported and may encounter bugs or unexpected behavior. Yarn supports the following semver range: "^4.8.0 || ^5.7.0 || ^6.2.2 || ^8.0.0"
[1/4] Resolving packages...
[2/4] Fetching packages...
info fsevents@1.2.4: The platform "linux" is incompatible with this module.
info "fsevents@1.2.4" is an optional dependency and failed compatibility check. Excluding it from installation.
[3/4] Linking dependencies...
warning "postcss-cssnext@3.1.0" has unmet peer dependency "caniuse-lite@^1.0.30000697".
warning "webpack-dev-server@2.11.2" has unmet peer dependency "webpack@^2.2.0 || ^3.0.0".
warning "webpack-dev-middleware@1.12.2" has unmet peer dependency "webpack@^1.0.0 || ^2.0.0 || ^3.0.0".
[4/4] Building fresh packages...
success Saved lockfile.
success Saved 136 new dependencies.
較럭 accepts@1.3.5
較럭 ansi-html@0.0.7
較럭 array-flatten@1.1.1
較럭 array-includes@3.0.3
較럭 array-union@1.0.2
較럭 array-uniq@1.0.3
較럭 batch@0.6.1
較럭 body-parser@1.18.2
較럭 bonjour@3.5.0
較럭 buffer-indexof@1.1.1
較럭 bytes@3.0.0
較럭 compressible@2.0.14
較럭 compression@1.7.3
較럭 connect-history-api-fallback@1.5.0
較럭 content-disposition@0.5.2
較럭 content-type@1.0.4
較럭 cookie-signature@1.0.6
較럭 cookie@0.3.1
較럭 deep-equal@1.0.1
較럭 define-properties@1.1.3
較럭 del@3.0.0
較럭 depd@1.1.2
較럭 destroy@1.0.4
較럭 detect-node@2.0.3
較럭 dns-equal@1.0.0
較럭 dns-packet@1.3.1
較럭 dns-txt@2.0.2
較럭 ee-first@1.1.1
較럭 encodeurl@1.0.2
較럭 es-abstract@1.12.0
較럭 es-to-primitive@1.1.1
較럭 escape-html@1.0.3
較럭 etag@1.8.1
較럭 eventemitter3@3.1.0
較럭 eventsource@0.1.6
較럭 expand-brackets@0.1.5
較럭 expand-range@1.8.2
較럭 express@4.16.3
較럭 extglob@0.3.2
較럭 faye-websocket@0.10.0
較럭 filename-regex@2.0.1
較럭 finalhandler@1.1.1
較럭 follow-redirects@1.5.5
較럭 forwarded@0.1.2
較럭 fresh@0.5.2
較럭 glob-base@0.3.0
較럭 globby@6.1.0
較럭 handle-thing@1.2.5
較럭 hpack.js@2.1.6
較럭 html-entities@1.2.1
較럭 http-deceiver@1.2.7
較럭 http-errors@1.6.3
較럭 http-parser-js@0.4.13
較럭 http-proxy-middleware@0.17.4
較럭 http-proxy@1.17.0
較럭 iconv-lite@0.4.19
較럭 import-local@1.0.0
較럭 internal-ip@1.2.0
較럭 ip@1.1.5
較럭 ipaddr.js@1.8.0
較럭 is-callable@1.1.4
較럭 is-date-object@1.0.1
較럭 is-dotfile@1.0.3
較럭 is-equal-shallow@0.1.3
較럭 is-extglob@1.0.0
較럭 is-glob@2.0.1
較럭 is-path-cwd@1.0.0
較럭 is-path-in-cwd@1.0.1
較럭 is-path-inside@1.0.1
較럭 is-posix-bracket@0.1.1
較럭 is-primitive@2.0.0
較럭 is-regex@1.0.4
較럭 is-symbol@1.0.1
較럭 is-wsl@1.1.0
較럭 json3@3.3.2
較럭 killable@1.0.0
較럭 loglevel@1.6.1
較럭 math-random@1.0.1
較럭 media-typer@0.3.0
較럭 merge-descriptors@1.0.1
較럭 methods@1.1.2
較럭 micromatch@2.3.11
較럭 mime-db@1.36.0
較럭 mime@1.6.0
較럭 multicast-dns-service-types@1.1.0
較럭 multicast-dns@6.2.3
較럭 negotiator@0.6.1
較럭 node-forge@0.7.5
較럭 object-keys@1.0.12
較럭 object.omit@2.0.1
較럭 obuf@1.1.2
較럭 on-finished@2.3.0
較럭 on-headers@1.0.1
較럭 opn@5.3.0
較럭 original@1.0.2
較럭 p-map@1.2.0
較럭 parse-glob@3.0.4
較럭 parseurl@1.3.2
較럭 path-is-inside@1.0.2
較럭 path-to-regexp@0.1.7
較럭 portfinder@1.0.17
較럭 preserve@0.2.0
較럭 proxy-addr@2.0.4
較럭 qs@6.5.1
較럭 querystringify@2.0.0
較럭 randomatic@3.1.0
較럭 range-parser@1.2.0
較럭 raw-body@2.3.2
較럭 regex-cache@0.4.4
較럭 requires-port@1.0.0
較럭 resolve-cwd@2.0.0
較럭 select-hose@2.0.0
較럭 selfsigned@1.10.3
較럭 send@0.16.2
較럭 serve-index@1.9.1
較럭 serve-static@1.13.2
較럭 setprototypeof@1.1.0
較럭 sockjs-client@1.1.4
較럭 sockjs@0.3.19
較럭 spdy-transport@2.1.0
較럭 spdy@3.4.7
較럭 statuses@1.4.0
較럭 thunky@1.0.2
較럭 time-stamp@2.0.1
較럭 type-is@1.6.16
較럭 unpipe@1.0.0
較럭 url-parse@1.4.3
較럭 utils-merge@1.0.1
較럭 vary@1.1.2
較럭 wbuf@1.7.3
較럭 webpack-dev-middleware@1.12.2
較럭 webpack-dev-server@2.11.2
較럭 websocket-driver@0.7.0
較럭 websocket-extensions@0.1.3
較럭 yargs-parser@4.2.1
較덕 yargs@6.6.0
Done in 12.01s.
Webpacker successfully installed 游꿀 游꼻
         run  bundle exec spring binstub --all
* bin/rake: spring inserted
* bin/rails: spring inserted
